#
# There is insufficient memory for the Java Runtime Environment to continue.
# Native memory allocation (mmap) failed to map 45613056 bytes for committing reserved memory.
# Possible reasons:
#   The system is out of physical RAM or swap space
#   In 32 bit mode, the process size limit was hit
# Possible solutions:
#   Reduce memory load on the system
#   Increase physical memory or swap space
#   Check if swap backing store is full
#   Use 64 bit Java on a 64 bit OS
#   Decrease Java heap size (-Xmx/-Xms)
#   Decrease number of Java threads
#   Decrease Java thread stack sizes (-Xss)
#   Set larger code cache with -XX:ReservedCodeCacheSize=
# This output file may be truncated or incomplete.
#
#  Out of Memory Error (os_linux.cpp:2627), pid=2807, tid=139872075642624
#
# JRE version: Java(TM) SE Runtime Environment (8.0_60-b27) (build 1.8.0_60-b27)
# Java VM: Java HotSpot(TM) 64-Bit Server VM (25.60-b23 mixed mode linux-amd64 compressed oops)
# Failed to write core dump. Core dumps have been disabled. To enable core dumping, try "ulimit -c unlimited" before starting Java again
#

---------------  T H R E A D  ---------------

Current thread (0x00007f3698073800):  VMThread [stack: 0x00007f368151f000,0x00007f3681620000] [id=2819]

Stack: [0x00007f368151f000,0x00007f3681620000],  sp=0x00007f368161e060,  free space=1020k
Native frames: (J=compiled Java code, j=interpreted, Vv=VM code, C=native code)
V  [libjvm.so+0xab97ea]  VMError::report_and_die()+0x2ba
V  [libjvm.so+0x4f9dab]  report_vm_out_of_memory(char const*, int, unsigned long, VMErrorType, char const*)+0x8b
V  [libjvm.so+0x91a7c3]  os::Linux::commit_memory_impl(char*, unsigned long, bool)+0x103
V  [libjvm.so+0x91ad19]  os::pd_commit_memory(char*, unsigned long, unsigned long, bool)+0x29
V  [libjvm.so+0x91502a]  os::commit_memory(char*, unsigned long, unsigned long, bool)+0x2a
V  [libjvm.so+0x9886d3]  PSVirtualSpace::expand_by(unsigned long)+0x53
V  [libjvm.so+0x989ad8]  PSYoungGen::resize_generation(unsigned long, unsigned long)+0xf8
V  [libjvm.so+0x988c32]  PSYoungGen::resize(unsigned long, unsigned long)+0x22
V  [libjvm.so+0x985f0b]  PSScavenge::invoke_no_policy()+0xf3b
V  [libjvm.so+0x986691]  PSScavenge::invoke()+0x41
V  [libjvm.so+0x93e430]  ParallelScavengeHeap::failed_mem_allocate(unsigned long)+0x70
V  [libjvm.so+0xabb207]  VM_ParallelGCFailedAllocation::doit()+0x97
V  [libjvm.so+0xac2c35]  VM_Operation::evaluate()+0x55
V  [libjvm.so+0xac100a]  VMThread::evaluate_operation(VM_Operation*)+0xba
V  [libjvm.so+0xac138e]  VMThread::loop()+0x1ce
V  [libjvm.so+0xac1800]  VMThread::run()+0x70
V  [libjvm.so+0x91cb88]  java_start(Thread*)+0x108

VM_Operation (0x00007f3680748b30): ParallelGCFailedAllocation, mode: safepoint, requested by thread 0x00007f3698151800


---------------  P R O C E S S  ---------------

Java Threads: ( => current thread )
  0x00007f3698151800 JavaThread "pool-1-thread-4" [_thread_blocked, id=2844, stack(0x00007f368064a000,0x00007f368074b000)]
  0x00007f3698150000 JavaThread "pool-1-thread-3" [_thread_blocked, id=2843, stack(0x00007f368074b000,0x00007f368084c000)]
  0x00007f369814e800 JavaThread "pool-1-thread-2" [_thread_blocked, id=2842, stack(0x00007f368084c000,0x00007f368094d000)]
  0x00007f369814c800 JavaThread "pool-2-thread-1" [_thread_blocked, id=2841, stack(0x00007f368094d000,0x00007f3680a4e000)]
  0x00007f369814a000 JavaThread "pool-1-thread-1" [_thread_blocked, id=2840, stack(0x00007f3680a4e000,0x00007f3680b4f000)]
  0x00007f36980c3800 JavaThread "Service Thread" daemon [_thread_blocked, id=2832, stack(0x00007f3680c50000,0x00007f3680d51000)]
  0x00007f36980b7000 JavaThread "C1 CompilerThread1" daemon [_thread_blocked, id=2829, stack(0x00007f3680d51000,0x00007f3680e52000)]
  0x00007f36980b4000 JavaThread "C2 CompilerThread0" daemon [_thread_blocked, id=2827, stack(0x00007f3680e52000,0x00007f3680f53000)]
  0x00007f36980b2800 JavaThread "Signal Dispatcher" daemon [_thread_blocked, id=2825, stack(0x00007f3680f53000,0x00007f3681054000)]
  0x00007f369807b000 JavaThread "Finalizer" daemon [_thread_blocked, id=2823, stack(0x00007f368131d00