#
# There is insufficient memory for the Java Runtime Environment to continue.
# Native memory allocation (mmap) failed to map 48234496 bytes for committing reserved memory.
# Possible reasons:
#   The system is out of physical RAM or swap space
#   In 32 bit mode, the process size limit was hit
# Possible solutions:
#   Reduce memory load on the system
#   Increase physical memory or swap space
#   Check if swap backing store is full
#   Use 64 bit Java on a 64 bit OS
#   Decrease Java heap size (-Xmx/-Xms)
#   Decrease number of Java threads
#   Decrease Java thread stack sizes (-Xss)
#   Set larger code cache with -XX:ReservedCodeCacheSize=
# This output file may be truncated or incomplete.
#
#  Out of Memory Error (os_linux.cpp:2627), pid=5158, tid=140156749108992
#
# JRE version: Java(TM) SE Runtime Environment (8.0_60-b27) (build 1.8.0_60-b27)
# Java VM: Java HotSpot(TM) 64-Bit Server VM (25.60-b23 mixed mode linux-amd64 compressed oops)
# Failed to write core dump. Core dumps have been disabled. To enable core dumping, try "ulimit -c unlimited" before starting Java again
#

---------------  T H R E A D  ---------------

Current thread (0x00007f78dc073800):  VMThread [stack: 0x00007f78c92e5000,0x00007f78c93e6000] [id=5166]

Stack: [0x00007f78c92e5000,0x00007f78c93e6000],  sp=0x00007f78c93e40e0,  free space=1020k
Native frames: (J=compiled Java code, j=interpreted, Vv=VM code, C=native code)
V  [libjvm.so+0xab97ea]  VMError::report_and_die()+0x2ba
V  [libjvm.so+0x4f9dab]  report_vm_out_of_memory(char const*, int, unsigned long, VMErrorType, char const*)+0x8b
V  [libjvm.so+0x91a7c3]  os::Linux::commit_memory_impl(char*, unsigned long, bool)+0x103
V  [libjvm.so+0x91ad19]  os::pd_commit_memory(char*, unsigned long, unsigned long, bool)+0x29
V  [libjvm.so+0x91502a]  os::commit_memory(char*, unsigned long, unsigned long, bool)+0x2a
V  [libjvm.so+0x9886d3]  PSVirtualSpace::expand_by(unsigned long)+0x53
V  [libjvm.so+0x989ad8]  PSYoungGen::resize_generation(unsigned long, unsigned long)+0xf8
V  [libjvm.so+0x988c32]  PSYoungGen::resize(unsigned long, unsigned long)+0x22
V  [libjvm.so+0x985f0b]  PSScavenge::invoke_no_policy()+0xf3b
V  [libjvm.so+0x986691]  PSScavenge::invoke()+0x41
V  [libjvm.so+0x93e430]  ParallelScavengeHeap::failed_mem_allocate(unsigned long)+0x70
V  [libjvm.so+0xabb207]  VM_ParallelGCFailedAllocation::doit()+0x97
V  [libjvm.so+0xac2c35]  VM_Operation::evaluate()+0x55
V  [libjvm.so+0xac100a]  VMThread::evaluate_operation(VM_Operation*)+0xba
V  [libjvm.so+0xac138e]  VMThread::loop()+0x1ce
V  [libjvm.so+0xac1800]  VMThread::run()+0x70
V  [libjvm.so+0x91cb88]  java_start(Thread*)+0x108

VM_Operation (0x00007f78c8710b90): ParallelGCFailedAllocation, mode: safepoint, requested by thread 0x00007f78dc154800


---------------  P R O C E S S  ---------------

Java Threads: ( => current thread )
  0x00007f78dc15c000 JavaThread "pool-1-thread-4" [_thread_blocked, id=5178, stack(0x00007f78c8410000,0x00007f78c8511000)]
  0x00007f78dc156000 JavaThread "pool-1-thread-3" [_thread_blocked, id=5177, stack(0x00007f78c8511000,0x00007f78c8612000)]
  0x00007f78dc154800 JavaThread "pool-1-thread-2" [_thread_blocked, id=5176, stack(0x00007f78c8612000,0x00007f78c8713000)]
  0x00007f78dc153800 JavaThread "pool-2-thread-1" [_thread_blocked, id=5175, stack(0x00007f78c8713000,0x00007f78c8814000)]
  0x00007f78dc151000 JavaThread "pool-1-thread-1" [_thread_blocked, id=5174, stack(0x00007f78c8814000,0x00007f78c8915000)]
  0x00007f78dc0c3800 JavaThread "Service Thread" daemon [_thread_blocked, id=5172, stack(0x00007f78c8a16000,0x00007f78c8b17000)]
  0x00007f78dc0b7000 JavaThread "C1 CompilerThread1" daemon [_thread_blocked, id=5171, stack(0x00007f78c8b17000,0x00007f78c8c18000)]
  0x00007f78dc0b4000 JavaThread "C2 CompilerThread0" daemon [_thread_blocked, id=5170, stack(0x00007f78c8c18000,0x00007f78c8d19000)]
  0x00007f78dc0b2800 JavaThread "Signal Dispatcher" daemon [_thread_blocked, id=5169, stack(0x00007f78c8d19000,0x00007f78c8e1a000)]
  0x00007f78dc07a800 JavaThread "Finalizer" daemon [_thread_blocked, id=5168, stack(0x00007f78c90e3000,0x00007f78c91e4000)]
  0x00007f78dc078800 JavaThread "Reference Handler" daemon [_thread_blocked, id=5167, stack(0x00007f78c91e4000,0x00007f78c92e5000)]
  0x00007f78dc00a000 JavaThread "main" [_thread_blocked, id=5163, stack(0x00007f78e315a000,0x00007f78e325b000)]

Other Threads:
=>0x00007f78dc073800 VMThread [stack: 0x00007f78c92e5000,0x00007f78c93e6000] [id=5166]
  0x00007f78dc0c6800 WatcherThread [stack: 0x00007f78c8915000,0x00007f78c8a16000] [id=5173]

VM state:at safepoint (normal execution)

VM Mutex/Monitor currently owned by a thread:  ([mutex/lock_event])
[0x00007f78dc006380] Threads_lock - owner thread: 0x00007f78dc073800
[0x00007f78dc006880] Heap_lock - owner thread: 0x00007f78dc154800

Heap:
 PSYoungGen      total 35840K, used 1003K [0x00000000eab00000, 0x00000000ecf00000, 0x0000000100000000)
  eden space 34816K, 0% used [0x00000000eab00000,0x00000000eab00000,0x00000000ecd00000)
  from space 1024K, 98% used [0x00000000ecd00000,0x00000000ecdfaef0,0x00000000ece00000)
  to   space 1024K, 0% used [0x00000000ece00000,0x00000000ece00000,0x00000000ecf00000)
 ParOldGen       total 22016K, used 15016K [0x00000000c0000000, 0x00000000c1580000, 0x00000000eab00000)
  object space 22016K, 68% used [0x00000000c0000000,0x00000000c0eaa018,0x00000000c1580000)
 Metaspace       used 5810K, capacity 6832K, committed 7040K, reserved 1056768K
  class space    used 586K, capacity 616K, committed 640K, reserved 1048576K

Card table byte_map: [0x00007f78e00de000,0x00007f78e02df000] byte_map_base: 0x00007f78dfade000

Marking Bits: (ParMarkBitMap*) 0x00007f78e262dde0
 Begin Bits: [0x00007f78ca8e8000, 0x00007f78cb8e8000)
 End Bits:   [0x00007f78cb8e8000, 0x00007f78cc8e8000)

Polling page: 0x00007f78e3276000

CodeCache: size=245760Kb used=3794Kb max_used=3794Kb free=241965Kb
 bounds [0x00007f78cd000000, 0x00007f78cd3c0000, 0x00007f78dc000000]
 total_blobs=1287 nmethods=1020 adapters=182
 compilation: enabled

Compilation events (10 events):
Event: 7.682 Thread 0x00007f78dc0b7000 nmethod 1209 0x00007f78cd3acad0 code [0x00007f78cd3acf60, 0x00007f78cd3b0998]
Event: 7.728 Thread 0x00007f78dc0b7000 1223       2       com.android.dx.rop.code.RegisterSpec::equals (51 bytes)
Event: 7.728 Thread 0x00007f78dc0b7000 nmethod 1223 0x00007f78cd396550 code [0x00007f78cd3966c0, 0x00007f78cd396938]
Event: 7.729 Thread 0x00007f78dc0b7000 1215 %     3       com.android.dx.ssa.SsaMethod$2::addToUses @ 13 (48 bytes)
Event: 7.730 Thread 0x00007f78dc0b7000 nmethod 1215% 0x00007f78cd3b3090 code [0x00007f78cd3b32a0, 0x00007f78cd3b3ee8]
Event: 7.730 Thread 0x00007f78dc0b7000 1213       3       com.android.dx.ssa.SsaBasicBlock::newFromRop (183 bytes)
Event: 7.736 Thread 0x00007f78dc0b7000 nmethod 1213 0x00007f78cd3b45d0 code [0x00007f78cd3b48c0, 0x00007f78cd3b64d8]
Event: 7.737 Thread 0x00007f78dc0b7000 1216 %     3       com.android.dx.util.IntList::mutableCopy @ 16 (39 bytes)
Event: 7.737 Thread 0x00007f78dc0b7000 nmethod 1216% 0x00007f78cd395dd0 code [0x00007f78cd395f60, 0x00007f78cd396358]
Event: 7.737 Thread 0x00007f78dc0b7000 1219 % !   3       com.android.dx.cf.code.Ropper::processBlock @ 1035 (1101 bytes)

GC Heap History (9 events):
Event: 2.460 GC heap before
{Heap before GC invocations=1 (full 0):
 PSYoungGen      total 9728K, used 8704K [0x00000000eab00000, 0x00000000eb580000, 0x0000000100000000)
  eden space 8704K, 100% used [0x00000000eab00000,0x00000000eb380000,0x00000000eb380000)
  from space 1024K, 0% used [0x00000000eb480000,0x00000000eb480000,0x00000000eb580000)
  to   space 1024K, 0% used [0x00000000eb380000,0x00000000eb380000,0x00000000eb480000)
 ParOldGen       total 22016K, used 0K [0x00000000c0000000, 0x00000000c1580000, 0x00000000eab00000)
  object space 22016K, 0% used [0x00000000c0000000,0x00000000c0000000,0x00000000c1580000)
 Metaspace       used 4683K, capacity 5808K, committed 6016K, reserved 1056768K
  class space    used 512K, capacity 552K, committed 640K, reserved 1048576K
Event: 2.490 GC heap after
Heap after GC invocations=1 (full 0):
 PSYoungGen      total 9728K, used 1015K [0x00000000eab00000, 0x00000000ebe00000, 0x0000000100000000)
  eden space 8704K, 0% used [0x00000000eab00000,0x00000000eab00000,0x00000000eb380000)
  from space 1024K, 99% used [0x00000000eb380000,0x00000000eb47dc60,0x00000000eb480000)
  to   space 1024K, 0% used [0x00000000ebd00000,0x00000000ebd00000,0x00000000ebe00000)
 ParOldGen       total 22016K, used 1372K [0x00000000c0000000, 0x00000000c1580000, 0x00000000eab00000)
  object space 22016K, 6% used [0x00000000c0000000,0x00000000c01572e0,0x00000000c1580000)
 Metaspace       used 4683K, capacity 5808K, committed 6016K, reserved 1056768K
  class space    used 512K, capacity 552K, committed 640K, reserved 1048576K
}
Event: 4.004 GC heap before
{Heap before GC invocations=2 (full 0):
 PSYoungGen      total 9728K, used 9719K [0x00000000eab00000, 0x00000000ebe00000, 0x0000000100000000)
  eden space 8704K, 100% used [0x00000000eab00000,0x00000000eb380000,0x00000000eb380000)
  from space 1024K, 99% used [0x00000000eb380000,0x00000000eb47dc60,0x00000000eb480000)
  to   space 1024K, 0% used [0x00000000ebd00000,0x00000000ebd00000,0x00000000ebe00000)
 ParOldGen       total 22016K, used 1372K [0x00000000c0000000, 0x00000000c1580000, 0x00000000eab00000)
  object space 22016K, 6% used [0x00000000c0000000,0x00000000c01572e0,0x00000000c1580000)
 Metaspace       used 5588K, capacity 6640K, committed 6784K, reserved 1056768K
  class space    used 583K, capacity 616K, committed 640K, reserved 1048576K
Event: 4.075 GC heap after
Heap after GC invocations=2 (full 0):
 PSYoungGen      total 18432K, used 992K [0x00000000eab00000, 0x00000000ebe00000, 0x0000000100000000)
  eden space 17408K, 0% used [0x00000000eab00000,0x00000000eab00000,0x00000000ebc00000)
  from space 1024K, 96% used [0x00000000ebd00000,0x00000000ebdf8038,0x00000000ebe00000)
  to   space 1024K, 0% used [0x00000000ebc00000,0x00000000ebc00000,0x00000000ebd00000)
 ParOldGen       total 22016K, used 3465K [0x00000000c0000000, 0x00000000c1580000, 0x00000000eab00000)
  object space 22016K, 15% used [0x00000000c0000000,0x00000000c03624e8,0x00000000c1580000)
 Metaspace       used 5588K, capacity 6640K, committed 6784K, reserved 1056768K
  class space    used 583K, capacity 616K, committed 640K, reserved 1048576K
}
Event: 5.664 GC heap before
{Heap before GC invocations=3 (full 0):
 PSYoungGen      total 18432K, used 18400K [0x00000000eab00000, 0x00000000ebe00000, 0x0000000100000000)
  eden space 17408K, 100% used [0x00000000eab00000,0x00000000ebc00000,0x00000000ebc00000)
  from space 1024K, 96% used [0x00000000ebd00000,0x00000000ebdf8038,0x00000000ebe00000)
  to   space 1024K, 0% used [0x00000000ebc00000,0x00000000ebc00000,0x00000000ebd00000)
 ParOldGen       total 22016K, used 3465K [0x00000000c0000000, 0x00000000c1580000, 0x00000000eab00000)
  object space 22016K, 15% used [0x00000000c0000000,0x00000000c03624e8,0x00000000c1580000)
 Metaspace       used 5647K, capacity 6704K, committed 6784K, reserved 1056768K
  class space    used 585K, capacity 616K, committed 640K, reserved 1048576K
Event: 5.716 GC heap after
Heap after GC invocations=3 (full 0):
 PSYoungGen      total 18432K, used 1008K [0x00000000eab00000, 0x00000000ecf00000, 0x0000000100000000)
  eden space 17408K, 0% used [0x00000000eab00000,0x00000000eab00000,0x00000000ebc00000)
  from space 1024K, 98% used [0x00000000ebc00000,0x00000000ebcfc0a0,0x00000000ebd00000)
  to   space 1024K, 0% used [0x00000000ece00000,0x00000000ece00000,0x00000000ecf00000)
 ParOldGen       total 22016K, used 6441K [0x00000000c0000000, 0x00000000c1580000, 0x00000000eab00000)
  object space 22016K, 29% used [0x00000000c0000000,0x00000000c064a700,0x00000000c1580000)
 Metaspace       used 5647K, capacity 6704K, committed 6784K, reserved 1056768K
  class space    used 585K, capacity 616K, committed 640K, reserved 1048576K
}
Event: 6.612 GC heap before
{Heap before GC invocations=4 (full 0):
 PSYoungGen      total 18432K, used 18416K [0x00000000eab00000, 0x00000000ecf00000, 0x0000000100000000)
  eden space 17408K, 100% used [0x00000000eab00000,0x00000000ebc00000,0x00000000ebc00000)
  from space 1024K, 98% used [0x00000000ebc00000,0x00000000ebcfc0a0,0x00000000ebd00000)
  to   space 1024K, 0% used [0x00000000ece00000,0x00000000ece00000,0x00000000ecf00000)
 ParOldGen       total 22016K, used 6441K [0x00000000c0000000, 0x00000000c1580000, 0x00000000eab00000)
  object space 22016K, 29% used [0x00000000c0000000,0x00000000c064a700,0x00000000c1580000)
 Metaspace       used 5699K, capacity 6704K, committed 6784K, reserved 1056768K
  class space    used 586K, capacity 616K, committed 640K, reserved 1048576K
Event: 6.671 GC heap after
Heap after GC invocations=4 (full 0):
 PSYoungGen      total 35840K, used 1014K [0x00000000eab00000, 0x00000000ecf00000, 0x0000000100000000)
  eden space 34816K, 0% used [0x00000000eab00000,0x00000000eab00000,0x00000000ecd00000)
  from space 1024K, 99% used [0x00000000ece00000,0x00000000ecefda20,0x00000000ecf00000)
  to   space 1024K, 0% used [0x00000000ecd00000,0x00000000ecd00000,0x00000000ece00000)
 ParOldGen       total 22016K, used 9307K [0x00000000c0000000, 0x00000000c1580000, 0x00000000eab00000)
  object space 22016K, 42% used [0x00000000c0000000,0x00000000c0916dd0,0x00000000c1580000)
 Metaspace       used 5699K, capacity 6704K, committed 6784K, reserved 1056768K
  class space    used 586K, capacity 616K, committed 640K, reserved 1048576K
}
Event: 7.816 GC heap before
{Heap before GC invocations=5 (full 0):
 PSYoungGen      total 35840K, used 35830K [0x00000000eab00000, 0x00000000ecf00000, 0x0000000100000000)
  eden space 34816K, 100% used [0x00000000eab00000,0x00000000ecd00000,0x00000000ecd00000)
  from space 1024K, 99% used [0x00000000ece00000,0x00000000ecefda20,0x00000000ecf00000)
  to   space 1024K, 0% used [0x00000000ecd00000,0x00000000ecd00000,0x00000000ece00000)
 ParOldGen       total 22016K, used 9307K [0x00000000c0000000, 0x00000000c1580000, 0x00000000eab00000)
  object space 22016K, 42% used [0x00000000c0000000,0x00000000c0916dd0,0x00000000c1580000)
 Metaspace       used 5810K, capacity 6832K, committed 7040K, reserved 1056768K
  class space    used 586K, capacity 616K, committed 640K, reserved 1048576K

Deoptimization events (5 events):
Event: 1.663 Thread 0x00007f78dc00a000 Uncommon trap: reason=unstable_if action=reinterpret pc=0x00007f78cd13c688 method=java.lang.String.indexOf(II)I @ 49
Event: 3.295 Thread 0x00007f78dc00a000 Uncommon trap: reason=unstable_if action=reinterpret pc=0x00007f78cd1e0bc4 method=java.util.HashMap.getNode(ILjava/lang/Object;)Ljava/util/HashMap$Node; @ 129
Event: 5.118 Thread 0x00007f78dc15c000 Uncommon trap: reason=null_check action=make_not_entrant pc=0x00007f78cd28aae0 method=com.android.dx.ssa.SsaRenamer.getLocalForNewReg(I)Lcom/android/dx/rop/code/LocalItem; @ 19
Event: 6.283 Thread 0x00007f78dc00a000 Uncommon trap: reason=unstable_if action=reinterpret pc=0x00007f78cd1fea9c method=com.android.dx.rop.cst.Constant.compareTo(Lcom/android/dx/rop/cst/Constant;)I @ 12
Event: 7.599 Thread 0x00007f78dc151000 Uncommon trap: reason=unstable_if action=reinterpret pc=0x00007f78cd346af4 method=com.android.dx.rop.code.RegisterSpec.equals(ILcom/android/dx/rop/type/TypeBearer;Lcom/android/dx/rop/code/LocalItem;)Z @ 42

Internal exceptions (3 events):
Event: 0.206 Thread 0x00007f78dc00a000 Exception <a 'java/lang/NoSuchMethodError': Method sun.misc.Unsafe.defineClass(Ljava/lang/String;[BII)Ljava/lang/Class; name or signature does not match> (0x00000000eab12b98) thrown at [/HUDSON/workspace/8-2-build-linux-amd64/jdk8u60/4407/hotspot/src/shar
Event: 0.206 Thread 0x00007f78dc00a000 Exception <a 'java/lang/NoSuchMethodError': Method sun.misc.Unsafe.prefetchRead(Ljava/lang/Object;J)V name or signature does not match> (0x00000000eab12e80) thrown at [/HUDSON/workspace/8-2-build-linux-amd64/jdk8u60/4407/hotspot/src/share/vm/prims/jni.cpp
Event: 5.118 Thread 0x00007f78dc15c000 Implicit null exception at 0x00007f78cd288308 to 0x00007f78cd28aabd

Events (10 events):
Event: 7.562 Thread 0x00007f78dc00a000 DEOPT PACKING pc=0x00007f78cd325b6c sp=0x00007f78e32589e0
Event: 7.563 Thread 0x00007f78dc00a000 DEOPT UNPACKING pc=0x00007f78cd047233 sp=0x00007f78e32586e0 mode 0
Event: 7.568 Thread 0x00007f78dc156000 DEOPT PACKING pc=0x00007f78cd3155a8 sp=0x00007f78c8610040
Event: 7.568 Thread 0x00007f78dc156000 DEOPT UNPACKING pc=0x00007f78cd047233 sp=0x00007f78c860fda8 mode 0
Event: 7.599 Thread 0x00007f78dc151000 Uncommon trap: trap_request=0xffffff65 fr.pc=0x00007f78cd346af4
Event: 7.599 Thread 0x00007f78dc151000 DEOPT PACKING pc=0x00007f78cd346af4 sp=0x00007f78c8912e20
Event: 7.599 Thread 0x00007f78dc151000 DEOPT UNPACKING pc=0x00007f78cd005229 sp=0x00007f78c8912dc8 mode 2
Event: 7.665 Thread 0x00007f78dc154800 DEOPT PACKING pc=0x00007f78cd1f4fb9 sp=0x00007f78c87110d0
Event: 7.665 Thread 0x00007f78dc154800 DEOPT UNPACKING pc=0x00007f78cd047233 sp=0x00007f78c8710e30 mode 0
Event: 7.804 Executing VM operation: ParallelGCFailedAllocation


Dynamic libraries:
00400000-00401000 r-xp 00000000 08:06 298959                             /opt/jdk1.8.0_60/bin/java
00600000-00601000 rw-p 00000000 08:06 298959                             /opt/jdk1.8.0_60/bin/java
01b3c000-01b5d000 rw-p 00000000 00:00 0                                  [heap]
c0000000-c1580000 rw-p 00000000 00:00 0 
c1580000-eab00000 ---p 00000000 00:00 0 
eab00000-ecf00000 rw-p 00000000 00:00 0 
efd00000-100000000 ---p 00000000 00:00 0 
100000000-1000a0000 rw-p 00000000 00:00 0 
1000a0000-140000000 ---p 00000000 00:00 0 
7f788c000000-7f788c031000 rw-p 00000000 00:00 0 
7f788c031000-7f7890000000 ---p 00000000 00:00 0 
7f7894000000-7f7894021000 rw-p 00000000 00:00 0 
7f7894021000-7f7898000000 ---p 00000000 00:00 0 
7f7898000000-7f7898021000 rw-p 00000000 00:00 0 
7f7898021000-7f789c000000 ---p 00000000 00:00 0 
7f789c000000-7f789c021000 rw-p 00000000 00:00 0 
7f789c021000-7f78a0000000 ---p 00000000 00:00 0 
7f78a0000000-7f78a0021000 rw-p 00000000 00:00 0 
7f78a0021000-7f78a4000000 ---p 00000000 00:00 0 
7f78a4000000-7f78a4671000 rw-p 00000000 00:00 0 
7f78a4671000-7f78a8000000 ---p 00000000 00:00 0 
7f78a8000000-7f78a8021000 rw-p 00000000 00:00 0 
7f78a8021000-7f78ac000000 ---p 00000000 00:00 0 
7f78ac000000-7f78ac021000 rw-p 00000000 00:00 0 
7f78ac021000-7f78b0000000 ---p 00000000 00:00 0 
7f78b0000000-7f78b0616000 rw-p 00000000 00:00 0 
7f78b0616000-7f78b4000000 ---p 00000000 00:00 0 
7f78b4000000-7f78b4021000 rw-p 00000000 00:00 0 
7f78b4021000-7f78b8000000 ---p 00000000 00:00 0 
7f78b8000000-7f78b8021000 rw-p 00000000 00:00 0 
7f78b8021000-7f78bc000000 ---p 00000000 00:00 0 
7f78bc000000-7f78bc021000 rw-p 00000000 00:00 0 
7f78bc021000-7f78c0000000 ---p 00000000 00:00 0 
7f78c0000000-7f78c028c000 rw-p 00000000 00:00 0 
7f78c028c000-7f78c4000000 ---p 00000000 00:00 0 
7f78c4000000-7f78c4021000 rw-p 00000000 00:00 0 
7f78c4021000-7f78c8000000 ---p 00000000 00:00 0 
7f78c8410000-7f78c8413000 ---p 00000000 00:00 0 
7f78c8413000-7f78c8511000 rw-p 00000000 00:00 0                          [stack:5178]
7f78c8511000-7f78c8514000 ---p 00000000 00:00 0 
7f78c8514000-7f78c8612000 rw-p 00000000 00:00 0                          [stack:5177]
7f78c8612000-7f78c8615000 ---p 00000000 00:00 0 
7f78c8615000-7f78c8713000 rw-p 00000000 00:00 0                          [stack:5176]
7f78c8713000-7f78c8716000 ---p 00000000 00:00 0 
7f78c8716000-7f78c8814000 rw-p 00000000 00:00 0                          [stack:5175]
7f78c8814000-7f78c8817000 ---p 00000000 00:00 0 
7f78c8817000-7f78c8915000 rw-p 00000000 00:00 0                          [stack:5174]
7f78c8915000-7f78c8916000 ---p 00000000 00:00 0 
7f78c8916000-7f78c8a16000 rw-p 00000000 00:00 0                          [stack:5173]
7f78c8a16000-7f78c8a19000 ---p 00000000 00:00 0 
7f78c8a19000-7f78c8b17000 rw-p 00000000 00:00 0                          [stack:5172]
7f78c8b17000-7f78c8b1a000 ---p 00000000 00:00 0 
7f78c8b1a000-7f78c8c18000 rw-p 00000000 00:00 0                          [stack:5171]
7f78c8c18000-7f78c8c1b000 ---p 00000000 00:00 0 
7f78c8c1b000-7f78c8d19000 rw-p 00000000 00:00 0                          [stack:5170]
7f78c8d19000-7f78c8d1c000 ---p 00000000 00:00 0 
7f78c8d1c000-7f78c8e1a000 rw-p 00000000 00:00 0                          [stack:5169]
7f78c8e1a000-7f78c90e3000 r--p 00000000 08:06 398897                     /usr/lib/locale/locale-archive
7f78c90e3000-7f78c90e6000 ---p 00000000 00:00 0 
7f78c90e6000-7f78c91e4000 rw-p 00000000 00:00 0                          [stack:5168]
7f78c91e4000-7f78c91e7000 ---p 00000000 00:00 0 
7f78c91e7000-7f78c92e5000 rw-p 00000000 00:00 0                          [stack:5167]
7f78c92e5000-7f78c92e6000 ---p 00000000 00:00 0 
7f78c92e6000-7f78c9d10000 rw-p 00000000 00:00 0                          [stack:5166]
7f78c9d10000-7f78c9ee8000 r--s 03d17000 08:06 297432                     /opt/jdk1.8.0_60/jre/lib/rt.jar
7f78c9ee8000-7f78ca528000 rw-p 00000000 00:00 0 
7f78ca528000-7f78ca6e8000 ---p 00000000 00:00 0 
7f78ca6e8000-7f78cc8e8000 rw-p 00000000 00:00 0 
7f78cc8e8000-7f78cc8e9000 ---p 00000000 00:00 0 
7f78cc8e9000-7f78cc9e9000 rw-p 00000000 00:00 0                          [stack:5165]
7f78cc9e9000-7f78cc9ea000 ---p 00000000 00:00 0 
7f78cc9ea000-7f78ccaf5000 rw-p 00000000 00:00 0                          [stack:5164]
7f78ccaf5000-7f78ccc40000 ---p 00000000 00:00 0 
7f78ccc40000-7f78ccc4f000 rw-p 00000000 00:00 0 
7f78ccc4f000-7f78cd000000 ---p 00000000 00:00 0 
7f78cd000000-7f78cd3c0000 rwxp 00000000 00:00 0 
7f78cd3c0000-7f78dc000000 ---p 00000000 00:00 0 
7f78dc000000-7f78dc394000 rw-p 00000000 00:00 0 
7f78dc394000-7f78e0000000 ---p 00000000 00:00 0 
7f78e000a000-7f78e0019000 r--s 000df000 08:07 287966                     /home/shinbolat/Android/Sdk/build-tools/23.0.2/lib/dx.jar
7f78e0019000-7f78e00e9000 rw-p 00000000 00:00 0 
7f78e00e9000-7f78e0233000 ---p 00000000 00:00 0 
7f78e0233000-7f78e0246000 rw-p 00000000 00:00 0 
7f78e0246000-7f78e02de000 ---p 00000000 00:00 0 
7f78e02de000-7f78e02df000 rw-p 00000000 00:00 0 
7f78e02df000-7f78e02f9000 r-xp 00000000 08:06 297382                     /opt/jdk1.8.0_60/jre/lib/amd64/libzip.so
7f78e02f9000-7f78e04f9000 ---p 0001a000 08:06 297382                     /opt/jdk1.8.0_60/jre/lib/amd64/libzip.so
7f78e04f9000-7f78e04fa000 rw-p 0001a000 08:06 297382                     /opt/jdk1.8.0_60/jre/lib/amd64/libzip.so
7f78e04fa000-7f78e0505000 r-xp 00000000 08:06 267068                     /lib/x86_64-linux-gnu/libnss_files-2.19.so
7f78e0505000-7f78e0704000 ---p 0000b000 08:06 267068                     /lib/x86_64-linux-gnu/libnss_files-2.19.so
7f78e0704000-7f78e0705000 r--p 0000a000 08:06 267068                     /lib/x86_64-linux-gnu/libnss_files-2.19.so
7f78e0705000-7f78e0706000 rw-p 0000b000 08:06 267068                     /lib/x86_64-linux-gnu/libnss_files-2.19.so
7f78e0706000-7f78e0711000 r-xp 00000000 08:06 267078                     /lib/x86_64-linux-gnu/libnss_nis-2.19.so
7f78e0711000-7f78e0910000 ---p 0000b000 08:06 267078                     /lib/x86_64-linux-gnu/libnss_nis-2.19.so
7f78e0910000-7f78e0911000 r--p 0000a000 08:06 267078                     /lib/x86_64-linux-gnu/libnss_nis-2.19.so
7f78e0911000-7f78e0912000 rw-p 0000b000 08:06 267078                     /lib/x86_64-linux-gnu/libnss_nis-2.19.so
7f78e0912000-7f78e0929000 r-xp 00000000 08:06 267062                     /lib/x86_64-linux-gnu/libnsl-2.19.so
7f78e0929000-7f78e0b28000 ---p 00017000 08:06 267062                     /lib/x86_64-linux-gnu/libnsl-2.19.so
7f78e0b28000-7f78e0b29000 r--p 00016000 08:06 267062                     /lib/x86_64-linux-gnu/libnsl-2.19.so
7f78e0b29000-7f78e0b2a000 rw-p 00017000 08:06 267062                     /lib/x86_64-linux-gnu/libnsl-2.19.so
7f78e0b2a000-7f78e0b2c000 rw-p 00000000 00:00 0 
7f78e0b2c000-7f78e0b35000 r-xp 00000000 08:06 267064                     /lib/x86_64-linux-gnu/libnss_compat-2.19.so
7f78e0b35000-7f78e0d34000 ---p 00009000 08:06 267064                     /lib/x86_64-linux-gnu/libnss_compat-2.19.so
7f78e0d34000-7f78e0d35000 r--p 00008000 08:06 267064                     /lib/x86_64-linux-gnu/libnss_compat-2.19.so
7f78e0d35000-7f78e0d36000 rw-p 00009000 08:06 267064                     /lib/x86_64-linux-gnu/libnss_compat-2.19.so
7f78e0d36000-7f78e0d60000 r-xp 00000000 08:06 297360                     /opt/jdk1.8.0_60/jre/lib/amd64/libjava.so
7f78e0d60000-7f78e0f60000 ---p 0002a000 08:06 297360                     /opt/jdk1.8.0_60/jre/lib/amd64/libjava.so
7f78e0f60000-7f78e0f62000 rw-p 0002a000 08:06 297360                     /opt/jdk1.8.0_60/jre/lib/amd64/libjava.so
7f78e0f62000-7f78e0f6f000 r-xp 00000000 08:06 297376                     /opt/jdk1.8.0_60/jre/lib/amd64/libverify.so
7f78e0f6f000-7f78e116f000 ---p 0000d000 08:06 297376                     /opt/jdk1.8.0_60/jre/lib/amd64/libverify.so
7f78e116f000-7f78e1171000 rw-p 0000d000 08:06 297376                     /opt/jdk1.8.0_60/jre/lib/amd64/libverify.so
7f78e1171000-7f78e1178000 r-xp 00000000 08:06 267121                     /lib/x86_64-linux-gnu/librt-2.19.so
7f78e1178000-7f78e1377000 ---p 00007000 08:06 267121                     /lib/x86_64-linux-gnu/librt-2.19.so
7f78e1377000-7f78e1378000 r--p 00006000 08:06 267121                     /lib/x86_64-linux-gnu/librt-2.19.so
7f78e1378000-7f78e1379000 rw-p 00007000 08:06 267121                     /lib/x86_64-linux-gnu/librt-2.19.so
7f78e1379000-7f78e147e000 r-xp 00000000 08:06 267043                     /lib/x86_64-linux-gnu/libm-2.19.so
7f78e147e000-7f78e167d000 ---p 00105000 08:06 267043                     /lib/x86_64-linux-gnu/libm-2.19.so
7f78e167d000-7f78e167e000 r--p 00104000 08:06 267043                     /lib/x86_64-linux-gnu/libm-2.19.so
7f78e167e000-7f78e167f000 rw-p 00105000 08:06 267043                     /lib/x86_64-linux-gnu/libm-2.19.so
7f78e167f000-7f78e233d000 r-xp 00000000 08:06 297398                     /opt/jdk1.8.0_60/jre/lib/amd64/server/libjvm.so
7f78e233d000-7f78e253c000 ---p 00cbe000 08:06 297398                     /opt/jdk1.8.0_60/jre/lib/amd64/server/libjvm.so
7f78e253c000-7f78e2614000 rw-p 00cbd000 08:06 297398                     /opt/jdk1.8.0_60/jre/lib/amd64/server/libjvm.so
7f78e2614000-7f78e2659000 rw-p 00000000 00:00 0 
7f78e2659000-7f78e2815000 r-xp 00000000 08:06 266992                     /lib/x86_64-linux-gnu/libc-2.19.so
7f78e2815000-7f78e2a14000 ---p 001bc000 08:06 266992                     /lib/x86_64-linux-gnu/libc-2.19.so
7f78e2a14000-7f78e2a18000 r--p 001bb000 08:06 266992                     /lib/x86_64-linux-gnu/libc-2.19.so
7f78e2a18000-7f78e2a1a000 rw-p 001bf000 08:06 266992                     /lib/x86_64-linux-gnu/libc-2.19.so
7f78e2a1a000-7f78e2a1f000 rw-p 00000000 00:00 0 
7f78e2a1f000-7f78e2a22000 r-xp 00000000 08:06 267009                     /lib/x86_64-linux-gnu/libdl-2.19.so
7f78e2a22000-7f78e2c21000 ---p 00003000 08:06 267009                     /lib/x86_64-linux-gnu/libdl-2.19.so
7f78e2c21000-7f78e2c22000 r--p 00002000 08:06 267009                     /lib/x86_64-linux-gnu/libdl-2.19.so
7f78e2c22000-7f78e2c23000 rw-p 00003000 08:06 267009                     /lib/x86_64-linux-gnu/libdl-2.19.so
7f78e2c23000-7f78e2c38000 r-xp 00000000 08:06 298326                     /opt/jdk1.8.0_60/lib/amd64/jli/libjli.so
7f78e2c38000-7f78e2e38000 ---p 00015000 08:06 298326                     /opt/jdk1.8.0_60/lib/amd64/jli/libjli.so
7f78e2e38000-7f78e2e39000 rw-p 00015000 08:06 298326                     /opt/jdk1.8.0_60/lib/amd64/jli/libjli.so
7f78e2e39000-7f78e2e52000 r-xp 00000000 08:06 267113                     /lib/x86_64-linux-gnu/libpthread-2.19.so
7f78e2e52000-7f78e3051000 ---p 00019000 08:06 267113                     /lib/x86_64-linux-gnu/libpthread-2.19.so
7f78e3051000-7f78e3052000 r--p 00018000 08:06 267113                     /lib/x86_64-linux-gnu/libpthread-2.19.so
7f78e3052000-7f78e3053000 rw-p 00019000 08:06 267113                     /lib/x86_64-linux-gnu/libpthread-2.19.so
7f78e3053000-7f78e3057000 rw-p 00000000 00:00 0 
7f78e3057000-7f78e307a000 r-xp 00000000 08:06 266968                     /lib/x86_64-linux-gnu/ld-2.19.so
7f78e3081000-7f78e315a000 rw-p 00000000 00:00 0 
7f78e315a000-7f78e315d000 ---p 00000000 00:00 0 
7f78e315d000-7f78e325f000 rw-p 00000000 00:00 0                          [stack:5163]
7f78e3266000-7f78e3267000 rw-p 00000000 00:00 0 
7f78e3267000-7f78e326d000 r--s 00047000 08:07 532807                     /home/shinbolat/AndroidStudioProjects/TabApp/app/libs/jsoup-1.8.3.jar
7f78e326d000-7f78e3275000 rw-s 00000000 08:06 32541                      /tmp/hsperfdata_shinbolat/5158
7f78e3275000-7f78e3276000 rw-p 00000000 00:00 0 
7f78e3276000-7f78e3277000 ---p 00000000 00:00 0 
7f78e3277000-7f78e3279000 rw-p 00000000 00:00 0 
7f78e3279000-7f78e327a000 r--p 00022000 08:06 266968                     /lib/x86_64-linux-gnu/ld-2.19.so
7f78e327a000-7f78e327b000 rw-p 00023000 08:06 266968                     /lib/x86_64-linux-gnu/ld-2.19.so
7f78e327b000-7f78e327c000 rw-p 00000000 00:00 0 
7fff8b913000-7fff8b934000 rw-p 00000000 00:00 0                          [stack]
7fff8b989000-7fff8b98b000 r-xp 00000000 00:00 0                          [vdso]
ffffffffff600000-ffffffffff601000 r-xp 00000000 00:00 0                  [vsyscall]

VM Arguments:
jvm_args: -Djava.awt.headless=true -Xmx1024M -Dfile.encoding=UTF-8 -Duser.country=US -Duser.language=en -Duser.variant 
java_command: com.android.dx.command.Main --dex --num-threads=4 --output /home/shinbolat/AndroidStudioProjects/TabApp/app/build/intermediates/pre-dexed/debug/jsoup-1.8.3_cc0887d62e7cec2470b1eb8bc739c55344e1b8f9.jar /home/shinbolat/AndroidStudioProjects/TabApp/app/libs/jsoup-1.8.3.jar
java_class_path (initial): /home/shinbolat/Android/Sdk/build-tools/23.0.2/lib/dx.jar
Launcher Type: SUN_STANDARD

Environment Variables:
JAVA_HOME=/opt/jdk1.8.0_60
PATH=/usr/local/sbin:/usr/local/bin:/usr/sbin:/usr/bin:/sbin:/bin:/usr/games:/usr/local/games:/android-studio/bin:/opt/jdk1.8.0_60/jre/bin
USERNAME=shinbolat
LD_LIBRARY_PATH=/home/shinbolat/android-studio/bin:
SHELL=/bin/bash
DISPLAY=:0.0

Signal Handlers:
SIGSEGV: [libjvm.so+0xaba070], sa_mask[0]=11111111011111111101111111111110, sa_flags=SA_RESTART|SA_SIGINFO
SIGBUS: [libjvm.so+0xaba070], sa_mask[0]=11111111011111111101111111111110, sa_flags=SA_RESTART|SA_SIGINFO
SIGFPE: [libjvm.so+0x917630], sa_mask[0]=11111111011111111101111111111110, sa_flags=SA_RESTART|SA_SIGINFO
SIGPIPE: [libjvm.so+0x917630], sa_mask[0]=11111111011111111101111111111110, sa_flags=SA_RESTART|SA_SIGINFO
SIGXFSZ: [libjvm.so+0x917630], sa_mask[0]=11111111011111111101111111111110, sa_flags=SA_RESTART|SA_SIGINFO
SIGILL: [libjvm.so+0x917630], sa_mask[0]=11111111011111111101111111111110, sa_flags=SA_RESTART|SA_SIGINFO
SIGUSR1: SIG_DFL, sa_mask[0]=00000000000000000000000000000000, sa_flags=none
SIGUSR2: [libjvm.so+0x918c60], sa_mask[0]=00100000000000000000000000000000, sa_flags=SA_RESTART|SA_SIGINFO
SIGHUP: [libjvm.so+0x91a060], sa_mask[0]=11111111011111111101111111111110, sa_flags=SA_RESTART|SA_SIGINFO
SIGINT: [libjvm.so+0x91a060], sa_mask[0]=11111111011111111101111111111110, sa_flags=SA_RESTART|SA_SIGINFO
SIGTERM: [libjvm.so+0x91a060], sa_mask[0]=11111111011111111101111111111110, sa_flags=SA_RESTART|SA_SIGINFO
SIGQUIT: [libjvm.so+0x91a060], sa_mask[0]=11111111011111111101111111111110, sa_flags=SA_RESTART|SA_SIGINFO


---------------  S Y S T E M  ---------------

OS:DISTRIB_ID=LinuxMint
DISTRIB_RELEASE=17
DISTRIB_CODENAME=qiana
DISTRIB_DESCRIPTION="Linux Mint 17 Qiana"

uname:Linux 3.13.0-24-generic #46-Ubuntu SMP Thu Apr 10 19:11:08 UTC 2014 x86_64
libc:glibc 2.19 NPTL 2.19 
rlimit: STACK 8192k, CORE 0k, NPROC 15487, NOFILE 4096, AS infinity
load average:7.52 4.25 1.95

/proc/meminfo:
MemTotal:        2013392 kB
MemFree:           68808 kB
Buffers:            1612 kB
Cached:            51180 kB
SwapCached:            0 kB
Active:          1807372 kB
Inactive:          35408 kB
Active(anon):    1791072 kB
Inactive(anon):    19024 kB
Active(file):      16300 kB
Inactive(file):    16384 kB
Unevictable:           0 kB
Mlocked:               0 kB
SwapTotal:             0 kB
SwapFree:              0 kB
Dirty:              1020 kB
Writeback:             8 kB
AnonPages:       1790072 kB
Mapped:            41444 kB
Shmem:             20028 kB
Slab:              38376 kB
SReclaimable:      16300 kB
SUnreclaim:        22076 kB
KernelStack:        3440 kB
PageTables:        22420 kB
NFS_Unstable:          0 kB
Bounce:                0 kB
WritebackTmp:          0 kB
CommitLimit:     1006696 kB
Committed_AS:    3033488 kB
VmallocTotal:   34359738367 kB
VmallocUsed:      127820 kB
VmallocChunk:   34359601516 kB
HardwareCorrupted:     0 kB
AnonHugePages:    546816 kB
HugePages_Total:       0
HugePages_Free:        0
HugePages_Rsvd:        0
HugePages_Surp:        0
Hugepagesize:       2048 kB
DirectMap4k:       84184 kB
DirectMap2M:     1976320 kB


CPU:total 2 (1 cores per cpu, 2 threads per core) family 6 model 42 stepping 7, cmov, cx8, fxsr, mmx, sse, sse2, sse3, ssse3, sse4.1, sse4.2, popcnt, clmul, ht, tsc, tscinvbit

/proc/cpuinfo:
processor	: 0
vendor_id	: GenuineIntel
cpu family	: 6
model		: 42
model name	: Intel(R) Celeron(R) CPU G460 @ 1.80GHz
stepping	: 7
microcode	: 0x25
cpu MHz		: 1800.000
cache size	: 1536 KB
physical id	: 0
siblings	: 2
core id		: 0
cpu cores	: 1
apicid		: 0
initial apicid	: 0
fpu		: yes
fpu_exception	: yes
cpuid level	: 13
wp		: yes
flags		: fpu vme de pse tsc msr pae mce cx8 apic sep mtrr pge mca cmov pat pse36 clflush dts acpi mmx fxsr sse sse2 ss ht tm pbe syscall nx rdtscp lm constant_tsc arch_perfmon pebs bts rep_good nopl xtopology nonstop_tsc aperfmperf eagerfpu pni pclmulqdq dtes64 monitor ds_cpl vmx est tm2 ssse3 cx16 xtpr pdcm pcid sse4_1 sse4_2 popcnt tsc_deadline_timer xsave lahf_lm arat epb xsaveopt pln pts dtherm tpr_shadow vnmi flexpriority ept vpid
bogomips	: 3592.08
clflush size	: 64
cache_alignment	: 64
address sizes	: 36 bits physical, 48 bits virtual
power management:

processor	: 1
vendor_id	: GenuineIntel
cpu family	: 6
model		: 42
model name	: Intel(R) Celeron(R) CPU G460 @ 1.80GHz
stepping	: 7
microcode	: 0x25
cpu MHz		: 1800.000
cache size	: 1536 KB
physical id	: 0
siblings	: 2
core id		: 0
cpu cores	: 1
apicid		: 1
initial apicid	: 1
fpu		: yes
fpu_exception	: yes
cpuid level	: 13
wp		: yes
flags		: fpu vme de pse tsc msr pae mce cx8 apic sep mtrr pge mca cmov pat pse36 clflush dts acpi mmx fxsr sse sse2 ss ht tm pbe syscall nx rdtscp lm constant_tsc arch_perfmon pebs bts rep_good nopl xtopology nonstop_tsc aperfmperf eagerfpu pni pclmulqdq dtes64 monitor ds_cpl vmx est tm2 ssse3 cx16 xtpr pdcm pcid sse4_1 sse4_2 popcnt tsc_deadline_timer xsave lahf_lm arat epb xsaveopt pln pts dtherm tpr_shadow vnmi flexpriority ept vpid
bogomips	: 3592.08
clflush size	: 64
cache_alignment	: 64
address sizes	: 36 bits physical, 48 bits virtual
power management:



Memory: 4k page, physical 2013392k(68808k free), swap 0k(0k free)

vm_info: Java HotSpot(TM) 64-Bit Server VM (25.60-b23) for linux-amd64 JRE (1.8.0_60-b27), built on Aug  4 2015 12:19:40 by "java_re" with gcc 4.3.0 20080428 (Red Hat 4.3.0-8)

time: Sat Feb 27 21:21:45 2016
elapsed time: 8 seconds (0d 0h 0m 8s)

