#
# There is insufficient memory for the Java Runtime Environment to continue.
# Native memory allocation (mmap) failed to map 33554432 bytes for committing reserved memory.
# Possible reasons:
#   The system is out of physical RAM or swap space
#   In 32 bit mode, the process size limit was hit
# Possible solutions:
#   Reduce memory load on the system
#   Increase physical memory or swap space
#   Check if swap backing store is full
#   Use 64 bit Java on a 64 bit OS
#   Decrease Java heap size (-Xmx/-Xms)
#   Decrease number of Java threads
#   Decrease Java thread stack sizes (-Xss)
#   Set larger code cache with -XX:ReservedCodeCacheSize=
# This output file may be truncated or incomplete.
#
#  Out of Memory Error (os_linux.cpp:2627), pid=3399, tid=140061799700224
#
# JRE version:  (8.0_60-b27) (build )
# Java VM: Java HotSpot(TM) 64-Bit Server VM (25.60-b23 mixed mode linux-amd64 compressed oops)
# Failed to write core dump. Core dumps have been disabled. To enable core dumping, try "ulimit -c unlimited" before starting Java again
#

---------------  T H R E A D  ---------------

Current thread (0x00007f62a400a000):  JavaThread "Unknown thread" [_thread_in_vm, id=3411, stack(0x00007f62adc15000,0x00007f62add16000)]

Stack: [0x00007f62adc15000,0x00007f62add16000],  sp=0x00007f62add142d0,  free space=1020k
Native frames: (J=compiled Java code, j=interpreted, Vv=VM code, C=native code)
V  [libjvm.so+0xab97ea]  VMError::report_and_die()+0x2ba
V  [libjvm.so+0x4f9dab]  report_vm_out_of_memory(char const*, int, unsigned long, VMErrorType, char const*)+0x8b
V  [libjvm.so+0x91a7c3]  os::Linux::commit_memory_impl(char*, unsigned long, bool)+0x103
V  [libjvm.so+0x91ad19]  os::pd_commit_memory(char*, unsigned long, unsigned long, bool)+0x29
V  [libjvm.so+0x91502a]  os::commit_memory(char*, unsigned long, unsigned long, bool)+0x2a
V  [libjvm.so+0x9886d3]  PSVirtualSpace::expand_by(unsigned long)+0x53
V  [libjvm.so+0x934788]  ParMarkBitMap::initialize(MemRegion)+0x168
V  [libjvm.so+0x97e389]  PSParallelCompact::initialize()+0x149
V  [libjvm.so+0x93dca5]  ParallelScavengeHeap::initialize()+0x385
V  [libjvm.so+0xa8218b]  Universe::initialize_heap()+0xfb
V  [libjvm.so+0xa824fe]  universe_init()+0x3e
V  [libjvm.so+0x6388a5]  init_globals()+0x65
V  [libjvm.so+0xa666fe]  Threads::create_vm(JavaVMInitArgs*, bool*)+0x23e
V  [libjvm.so+0x6ccd34]  JNI_CreateJavaVM+0x74
C  [libjli.so+0x745e]  JavaMain+0x9e
C  [libpthread.so.0+0x8182]  start_thread+0xc2


---------------  P R O C E S S  ---------------

Java Threads: ( => current thread )

Other Threads:

=>0x00007f62a400a000 (exited) JavaThread "Unknown thread" [_thread_in_vm, id=3411, stack(0x00007f62adc15000,0x00007f62add16000)]

VM state:not at safepoint (not fully initialized)

VM Mutex/Monitor currently owned by a thread: None

GC Heap History (0 events):
No events

Deoptimization events (0 events):
No events

Internal exceptions (0 events):
No events

Events (0 events):
No events


Dynamic libraries:
00400000-00401000 r-xp 00000000 08:06 298959                             /opt/jdk1.8.0_60/bin/java
00600000-00601000 rw-p 00000000 08:06 298959                             /opt/jdk1.8.0_60/bin/java
02069000-0208a000 rw-p 00000000 00:00 0                                  [heap]
c0000000-c1580000 rw-p 00000000 00:00 0 
c1580000-eab00000 ---p 00000000 00:00 0 
eab00000-eb580000 rw-p 00000000 00:00 0 
eb580000-100000000 ---p 00000000 00:00 0 
7f6288000000-7f6288021000 rw-p 00000000 00:00 0 
7f6288021000-7f628c000000 ---p 00000000 00:00 0 
7f6290000000-7f6290021000 rw-p 00000000 00:00 0 
7f6290021000-7f6294000000 ---p 00000000 00:00 0 
7f6295000000-7f6295270000 rwxp 00000000 00:00 0 
7f6295270000-7f62a4000000 ---p 00000000 00:00 0 
7f62a4000000-7f62a4039000 rw-p 00000000 00:00 0 
7f62a4039000-7f62a8000000 ---p 00000000 00:00 0 
7f62aa1fc000-7f62aa481000 rw-p 00000000 00:00 0 
7f62aa481000-7f62aa482000 ---p 00000000 00:00 0 
7f62aa482000-7f62aa582000 rw-p 00000000 00:00 0                          [stack:3415]
7f62aa582000-7f62aa583000 ---p 00000000 00:00 0 
7f62aa583000-7f62aa68e000 rw-p 00000000 00:00 0                          [stack:3414]
7f62aa68e000-7f62aa7d9000 ---p 00000000 00:00 0 
7f62aa7d9000-7f62aa7e4000 rw-p 00000000 00:00 0 
7f62aa7e4000-7f62aa92e000 ---p 00000000 00:00 0 
7f62aa92e000-7f62aa934000 rw-p 00000000 00:00 0 
7f62aa934000-7f62aa9d9000 ---p 00000000 00:00 0 
7f62aa9d9000-7f62aa9e4000 rw-p 00000000 00:00 0 
7f62aa9e4000-7f62aad9a000 ---p 00000000 00:00 0 
7f62aad9a000-7f62aadb4000 r-xp 00000000 08:06 297382                     /opt/jdk1.8.0_60/jre/lib/amd64/libzip.so
7f62aadb4000-7f62aafb4000 ---p 0001a000 08:06 297382                     /opt/jdk1.8.0_60/jre/lib/amd64/libzip.so
7f62aafb4000-7f62aafb5000 rw-p 0001a000 08:06 297382                     /opt/jdk1.8.0_60/jre/lib/amd64/libzip.so
7f62aafb5000-7f62aafc0000 r-xp 00000000 08:06 267068                     /lib/x86_64-linux-gnu/libnss_files-2.19.so
7f62aafc0000-7f62ab1bf000 ---p 0000b000 08:06 267068                     /lib/x86_64-linux-gnu/libnss_files-2.19.so
7f62ab1bf000-7f62ab1c0000 r--p 0000a000 08:06 267068                     /lib/x86_64-linux-gnu/libnss_files-2.19.so
7f62ab1c0000-7f62ab1c1000 rw-p 0000b000 08:06 267068                     /lib/x86_64-linux-gnu/libnss_files-2.19.so
7f62ab1c1000-7f62ab1cc000 r-xp 00000000 08:06 267078                     /lib/x86_64-linux-gnu/libnss_nis-2.19.so
7f62ab1cc000-7f62ab3cb000 ---p 0000b000 08:06 267078                     /lib/x86_64-linux-gnu/libnss_nis-2.19.so
7f62ab3cb000-7f62ab3cc000 r--p 0000a000 08:06 267078                     /lib/x86_64-linux-gnu/libnss_nis-2.19.so
7f62ab3cc000-7f62ab3cd000 rw-p 0000b000 08:06 267078                     /lib/x86_64-linux-gnu/libnss_nis-2.19.so
7f62ab3cd000-7f62ab3e4000 r-xp 00000000 08:06 267062                     /lib/x86_64-linux-gnu/libnsl-2.19.so
7f62ab3e4000-7f62ab5e3000 ---p 00017000 08:06 267062                     /lib/x86_64-linux-gnu/libnsl-2.19.so
7f62ab5e3000-7f62ab5e4000 r--p 00016000 08:06 267062                     /lib/x86_64-linux-gnu/libnsl-2.19.so
7f62ab5e4000-7f62ab5e5000 rw-p 00017000 08:06 267062                     /lib/x86_64-linux-gnu/libnsl-2.19.so
7f62ab5e5000-7f62ab5e7000 rw-p 00000000 00:00 0 
7f62ab5e7000-7f62ab5f0000 r-xp 00000000 08:06 267064                     /lib/x86_64-linux-gnu/libnss_compat-2.19.so
7f62ab5f0000-7f62ab7ef000 ---p 00009000 08:06 267064                     /lib/x86_64-linux-gnu/libnss_compat-2.19.so
7f62ab7ef000-7f62ab7f0000 r--p 00008000 08:06 267064                     /lib/x86_64-linux-gnu/libnss_compat-2.19.so
7f62ab7f0000-7f62ab7f1000 rw-p 00009000 08:06 267064                     /lib/x86_64-linux-gnu/libnss_compat-2.19.so
7f62ab7f1000-7f62ab81b000 r-xp 00000000 08:06 297360                     /opt/jdk1.8.0_60/jre/lib/amd64/libjava.so
7f62ab81b000-7f62aba1b000 ---p 0002a000 08:06 297360                     /opt/jdk1.8.0_60/jre/lib/amd64/libjava.so
7f62aba1b000-7f62aba1d000 rw-p 0002a000 08:06 297360                     /opt/jdk1.8.0_60/jre/lib/amd64/libjava.so
7f62aba1d000-7f62aba2a000 r-xp 00000000 08:06 297376                     /opt/jdk1.8.0_60/jre/lib/amd64/libverify.so
7f62aba2a000-7f62abc2a000 ---p 0000d000 08:06 297376                     /opt/jdk1.8.0_60/jre/lib/amd64/libverify.so
7f62abc2a000-7f62abc2c000 rw-p 0000d000 08:06 297376                     /opt/jdk1.8.0_60/jre/lib/amd64/libverify.so
7f62abc2c000-7f62abc33000 r-xp 00000000 08:06 267121                     /lib/x86_64-linux-gnu/librt-2.19.so
7f62abc33000-7f62abe32000 ---p 00007000 08:06 267121                     /lib/x86_64-linux-gnu/librt-2.19.so
7f62abe32000-7f62abe33000 r--p 00006000 08:06 267121                     /lib/x86_64-linux-gnu/librt-2.19.so
7f62abe33000-7f62abe34000 rw-p 00007000 08:06 267121                     /lib/x86_64-linux-gnu/librt-2.19.so
7f62abe34000-7f62abf39000 r-xp 00000000 08:06 267043                     /lib/x86_64-linux-gnu/libm-2.19.so
7f62abf39000-7f62ac138000 ---p 00105000 08:06 267043                     /lib/x86_64-linux-gnu/libm-2.19.so
7f62ac138000-7f62ac139000 r--p 00104000 08:06 267043                     /lib/x86_64-linux-gnu/libm-2.19.so
7f62ac139000-7f62ac13a000 rw-p 00105000 08:06 267043                     /lib/x86_64-linux-gnu/libm-2.19.so
7f62ac13a000-7f62acdf8000 r-xp 00000000 08:06 297398                     /opt/jdk1.8.0_60/jre/lib/amd64/server/libjvm.so
7f62acdf8000-7f62acff7000 ---p 00cbe000 08:06 297398                     /opt/jdk1.8.0_60/jre/lib/amd64/server/libjvm.so
7f62acff7000-7f62ad0cf000 rw-p 00cbd000 08:06 297398                     /opt/jdk1.8.0_60/jre/lib/amd64/server/libjvm.so
7f62ad0cf000-7f62ad114000 rw-p 00000000 00:00 0 
7f62ad114000-7f62ad2d0000 r-xp 00000000 08:06 266992                     /lib/x86_64-linux-gnu/libc-2.19.so
7f62ad2d0000-7f62ad4cf000 ---p 001bc000 08:06 266992                     /lib/x86_64-linux-gnu/libc-2.19.so
7f62ad4cf000-7f62ad4d3000 r--p 001bb000 08:06 266992                     /lib/x86_64-linux-gnu/libc-2.19.so
7f62ad4d3000-7f62ad4d5000 rw-p 001bf000 08:06 266992                     /lib/x86_64-linux-gnu/libc-2.19.so
7f62ad4d5000-7f62ad4da000 rw-p 00000000 00:00 0 
7f62ad4da000-7f62ad4dd000 r-xp 00000000 08:06 267009                     /lib/x86_64-linux-gnu/libdl-2.19.so
7f62ad4dd000-7f62ad6dc000 ---p 00003000 08:06 267009                     /lib/x86_64-linux-gnu/libdl-2.19.so
7f62ad6dc000-7f62ad6dd000 r--p 00002000 08:06 267009                     /lib/x86_64-linux-gnu/libdl-2.19.so
7f62ad6dd000-7f62ad6de000 rw-p 00003000 08:06 267009                     /lib/x86_64-linux-gnu/libdl-2.19.so
7f62ad6de000-7f62ad6f3000 r-xp 00000000 08:06 298326                     /opt/jdk1.8.0_60/lib/amd64/jli/libjli.so
7f62ad6f3000-7f62ad8f3000 ---p 00015000 08:06 298326                     /opt/jdk1.8.0_60/lib/amd64/jli/libjli.so
7f62ad8f3000-7f62ad8f4000 rw-p 00015000 08:06 298326                     /opt/jdk1.8.0_60/lib/amd64/jli/libjli.so
7f62ad8f4000-7f62ad90d000 r-xp 00000000 08:06 267113                     /lib/x86_64-linux-gnu/libpthread-2.19.so
7f62ad90d000-7f62adb0c000 ---p 00019000 08:06 267113                     /lib/x86_64-linux-gnu/libpthread-2.19.so
7f62adb0c000-7f62adb0d000 r--p 00018000 08:06 267113                     /lib/x86_64-linux-gnu/libpthread-2.19.so
7f62adb0d000-7f62adb0e000 rw-p 00019000 08:06 267113                     /lib/x86_64-linux-gnu/libpthread-2.19.so
7f62adb0e000-7f62adb12000 rw-p 00000000 00:00 0 
7f62adb12000-7f62adb35000 r-xp 00000000 08:06 266968                     /lib/x86_64-linux-gnu/ld-2.19.so
7f62adc15000-7f62adc18000 ---p 00000000 00:00 0 
7f62adc18000-7f62add1a000 rw-p 00000000 00:00 0                          [stack:3411]
7f62add25000-7f62add28000 rw-p 00000000 00:00 0 
7f62add28000-7f62add30000 rw-s 00000000 08:06 32505                      /tmp/hsperfdata_shinbolat/3399
7f62add30000-7f62add31000 rw-p 00000000 00:00 0 
7f62add31000-7f62add32000 r--p 00000000 00:00 0 
7f62add32000-7f62add34000 rw-p 00000000 00:00 0 
7f62add34000-7f62add35000 r--p 00022000 08:06 266968                     /lib/x86_64-linux-gnu/ld-2.19.so
7f62add35000-7f62add36000 rw-p 00023000 08:06 266968                     /lib/x86_64-linux-gnu/ld-2.19.so
7f62add36000-7f62add37000 rw-p 00000000 00:00 0 
7fffac6f8000-7fffac719000 rw-p 00000000 00:00 0                          [stack]
7fffac7fe000-7fffac800000 r-xp 00000000 00:00 0                          [vdso]
ffffffffff600000-ffffffffff601000 r-xp 00000000 00:00 0                  [vsyscall]

VM Arguments:
jvm_args: -Djava.awt.headless=true -Xmx1024M -Dfile.encoding=UTF-8 -Duser.country=US -Duser.language=en -Duser.variant 
java_command: com.android.dx.command.Main --dex --num-threads=4 --output /home/shinbolat/AndroidStudioProjects/TabApp/app/build/intermediates/pre-dexed/debug/com.android.support-support-v4-23.1.1_d7f8302af3a20cc04d5cb4edac0d863355898466.jar /home/shinbolat/AndroidStudioProjects/TabApp/app/build/intermediates/exploded-aar/com.android.support/support-v4/23.1.1/jars/classes.jar
java_class_path (initial): /home/shinbolat/Android/Sdk/build-tools/23.0.2/lib/dx.jar
Launcher Type: SUN_STANDARD

Environment Variables:
JAVA_HOME=/opt/jdk1.8.0_60
PATH=/usr/local/sbin:/usr/local/bin:/usr/sbin:/usr/bin:/sbin:/bin:/usr/games:/usr/local/games:/android-studio/bin:/opt/jdk1.8.0_60/jre/bin
USERNAME=shinbolat
LD_LIBRARY_PATH=/home/shinbolat/android-studio/bin:
SHELL=/bin/bash
DISPLAY=:0.0

Signal Handlers:
SIGSEGV: [libjvm.so+0xaba070], sa_mask[0]=11111111011111111101111111111110, sa_flags=SA_RESTART|SA_SIGINFO
SIGBUS: [libjvm.so+0xaba070], sa_mask[0]=11111111011111111101111111111110, sa_flags=SA_RESTART|SA_SIGINFO
SIGFPE: [libjvm.so+0x917630], sa_mask[0]=11111111011111111101111111111110, sa_flags=SA_RESTART|SA_SIGINFO
SIGPIPE: [libjvm.so+0x917630], sa_mask[0]=11111111011111111101111111111110, sa_flags=SA_RESTART|SA_SIGINFO
SIGXFSZ: [libjvm.so+0x917630], sa_mask[0]=11111111011111111101111111111110, sa_flags=SA_RESTART|SA_SIGINFO
SIGILL: [libjvm.so+0x917630], sa_mask[0]=11111111011111111101111111111110, sa_flags=SA_RESTART|SA_SIGINFO
SIGUSR1: SIG_DFL, sa_mask[0]=00000000000000000000000000000000, sa_flags=none
SIGUSR2: [libjvm.so+0x918c60], sa_mask[0]=00100000000000000000000000000000, sa_flags=SA_RESTART|SA_SIGINFO
SIGHUP: SIG_DFL, sa_mask[0]=00000000000000000000000000000000, sa_flags=none
SIGINT: SIG_DFL, sa_mask[0]=00000000000000000000000000000000, sa_flags=none
SIGTERM: SIG_DFL, sa_mask[0]=00000000000000000000000000000000, sa_flags=none
SIGQUIT: SIG_DFL, sa_mask[0]=00000000000000000000000000000000, sa_flags=none


---------------  S Y S T E M  ---------------

OS:DISTRIB_ID=LinuxMint
DISTRIB_RELEASE=17
DISTRIB_CODENAME=qiana
DISTRIB_DESCRIPTION="Linux Mint 17 Qiana"

uname:Linux 3.13.0-24-generic #46-Ubuntu SMP Thu Apr 10 19:11:08 UTC 2014 x86_64
libc:glibc 2.19 NPTL 2.19 
rlimit: STACK 8192k, CORE 0k, NPROC 15487, NOFILE 4096, AS infinity
load average:3.20 3.09 2.00

/proc/meminfo:
MemTotal:        2013392 kB
MemFree:           67776 kB
Buffers:             716 kB
Cached:            24376 kB
SwapCached:            0 kB
Active:          1831948 kB
Inactive:          15740 kB
Active(anon):    1823656 kB
Inactive(anon):     6536 kB
Active(file):       8292 kB
Inactive(file):     9204 kB
Unevictable:           0 kB
Mlocked:               0 kB
SwapTotal:             0 kB
SwapFree:              0 kB
Dirty:               240 kB
Writeback:             0 kB
AnonPages:       1822688 kB
Mapped:            17072 kB
Shmem:              7508 kB
Slab:              36296 kB
SReclaimable:      16416 kB
SUnreclaim:        19880 kB
KernelStack:        3080 kB
PageTables:        19128 kB
NFS_Unstable:          0 kB
Bounce:                0 kB
WritebackTmp:          0 kB
CommitLimit:     1006696 kB
Committed_AS:    2826452 kB
VmallocTotal:   34359738367 kB
VmallocUsed:      127756 kB
VmallocChunk:   34359602084 kB
HardwareCorrupted:     0 kB
AnonHugePages:    792576 kB
HugePages_Total:       0
HugePages_Free:        0
HugePages_Rsvd:        0
HugePages_Surp:        0
Hugepagesize:       2048 kB
DirectMap4k:       73944 kB
DirectMap2M:     1986560 kB


CPU:total 2 (1 cores per cpu, 2 threads per core) family 6 model 42 stepping 7, cmov, cx8, fxsr, mmx, sse, sse2, sse3, ssse3, sse4.1, sse4.2, popcnt, clmul, ht, tsc, tscinvbit

/proc/cpuinfo:
processor	: 0
vendor_id	: GenuineIntel
cpu family	: 6
model		: 42
model name	: Intel(R) Celeron(R) CPU G460 @ 1.80GHz
stepping	: 7
microcode	: 0x25
cpu MHz		: 1800.000
cache size	: 1536 KB
physical id	: 0
siblings	: 2
core id		: 0
cpu cores	: 1
apicid		: 0
initial apicid	: 0
fpu		: yes
fpu_exception	: yes
cpuid level	: 13
wp		: yes
flags		: fpu vme de pse tsc msr pae mce cx8 apic sep mtrr pge mca cmov pat pse36 clflush dts acpi mmx fxsr sse sse2 ss ht tm pbe syscall nx rdtscp lm constant_tsc arch_perfmon pebs bts rep_good nopl xtopology nonstop_tsc aperfmperf eagerfpu pni pclmulqdq dtes64 monitor ds_cpl vmx est tm2 ssse3 cx16 xtpr pdcm pcid sse4_1 sse4_2 popcnt tsc_deadline_timer xsave lahf_lm arat epb xsaveopt pln pts dtherm tpr_shadow vnmi flexpriority ept vpid
bogomips	: 3591.94
clflush size	: 64
cache_alignment	: 64
address sizes	: 36 bits physical, 48 bits virtual
power management:

processor	: 1
vendor_id	: GenuineIntel
cpu family	: 6
model		: 42
model name	: Intel(R) Celeron(R) CPU G460 @ 1.80GHz
stepping	: 7
microcode	: 0x25
cpu MHz		: 1800.000
cache size	: 1536 KB
physical id	: 0
siblings	: 2
core id		: 0
cpu cores	: 1
apicid		: 1
initial apicid	: 1
fpu		: yes
fpu_exception	: yes
cpuid level	: 13
wp		: yes
flags		: fpu vme de pse tsc msr pae mce cx8 apic sep mtrr pge mca cmov pat pse36 clflush dts acpi mmx fxsr sse sse2 ss ht tm pbe syscall nx rdtscp lm constant_tsc arch_perfmon pebs bts rep_good nopl xtopology nonstop_tsc aperfmperf eagerfpu pni pclmulqdq dtes64 monitor ds_cpl vmx est tm2 ssse3 cx16 xtpr pdcm pcid sse4_1 sse4_2 popcnt tsc_deadline_timer xsave lahf_lm arat epb xsaveopt pln pts dtherm tpr_shadow vnmi flexpriority ept vpid
bogomips	: 3591.94
clflush size	: 64
cache_alignment	: 64
address sizes	: 36 bits physical, 48 bits virtual
power management:



Memory: 4k page, physical 2013392k(67652k free), swap 0k(0k free)

vm_info: Java HotSpot(TM) 64-Bit Server VM (25.60-b23) for linux-amd64 JRE (1.8.0_60-b27), built on Aug  4 2015 12:19:40 by "java_re" with gcc 4.3.0 20080428 (Red Hat 4.3.0-8)

time: Sun Feb 28 09:39:10 2016
elapsed time: 2 seconds (0d 0h 0m 2s)

